
2019-08-11 15:56:21 INFO  BookingCommand:41 - User is booking with request parameter: date in - 2019-08-08, date out - 2019-08-11 and room type id is Одноместный-1
2019-08-11 15:56:21 INFO  BookingCommand:59 - Reservation with id 53 added in database
2019-08-11 15:56:42 INFO  BookingCommand:41 - User is booking with request parameter: date in - 2019-08-09, date out - 2019-08-10 and room type id is Одноместный-1
2019-08-11 15:56:42 INFO  BookingCommand:59 - Reservation with id 54 added in database
2019-08-11 15:56:55 INFO  BookingCommand:41 - User is booking with request parameter: date in - 2019-08-06, date out - 2019-08-10 and room type id is Одноместный-1
2019-08-11 15:56:55 INFO  BookingCommand:59 - Reservation with id 55 added in database
2019-08-11 15:57:05 INFO  BookingCommand:41 - User is booking with request parameter: date in - 2019-08-09, date out - 2019-08-13 and room type id is Одноместный-1
2019-08-11 15:57:05 INFO  BookingCommand:59 - Reservation with id 56 added in database
2019-08-11 15:57:26 INFO  BookingCommand:41 - User is booking with request parameter: date in - 2019-07-25, date out - 2019-08-23 and room type id is Одноместный-1
2019-08-11 15:57:26 INFO  BookingCommand:59 - Reservation with id 57 added in database
2019-08-11 15:57:43 INFO  BookingCommand:41 - User is booking with request parameter: date in - 2019-07-26, date out - 2019-08-30 and room type id is Одноместный-1
2019-08-11 15:57:43 ERROR BookingCommand:84 - No available room with request parameter: date in - 2019-07-26, date out - 2019-08-30 and room type id is Одноместный-1
exceptions.NoAvailableRoomException: No available room with request parameter: date in - 2019-07-26, date out - 2019-08-30 and room type id is Одноместный-1
	at command.BookingCommand.execute(BookingCommand.java:81)
	at controller.servlets.BookingServlet.doPost(BookingServlet.java:28)
	at javax.servlet.http.HttpServlet.service(HttpServlet.java:647)
	at javax.servlet.http.HttpServlet.service(HttpServlet.java:728)
	at org.apache.catalina.core.ApplicationFilterChain.internalDoFilter(ApplicationFilterChain.java:305)
	at org.apache.catalina.core.ApplicationFilterChain.doFilter(ApplicationFilterChain.java:210)
	at org.apache.tomcat.websocket.server.WsFilter.doFilter(WsFilter.java:51)
	at org.apache.catalina.core.ApplicationFilterChain.internalDoFilter(ApplicationFilterChain.java:243)
	at org.apache.catalina.core.ApplicationFilterChain.doFilter(ApplicationFilterChain.java:210)
	at filters.LocalizationFilter.doFilter(LocalizationFilter.java:31)
	at org.apache.catalina.core.ApplicationFilterChain.internalDoFilter(ApplicationFilterChain.java:243)
	at org.apache.catalina.core.ApplicationFilterChain.doFilter(ApplicationFilterChain.java:210)
	at filters.EncodingResponseFilter.doFilter(EncodingResponseFilter.java:16)
	at org.apache.catalina.core.ApplicationFilterChain.internalDoFilter(ApplicationFilterChain.java:243)
	at org.apache.catalina.core.ApplicationFilterChain.doFilter(ApplicationFilterChain.java:210)
	at filters.EncodingRequestFilter.doFilter(EncodingRequestFilter.java:15)
	at org.apache.catalina.core.ApplicationFilterChain.internalDoFilter(ApplicationFilterChain.java:243)
	at org.apache.catalina.core.ApplicationFilterChain.doFilter(ApplicationFilterChain.java:210)
	at filters.LogFilter.doFilter(LogFilter.java:30)
	at org.apache.catalina.core.ApplicationFilterChain.internalDoFilter(ApplicationFilterChain.java:243)
	at org.apache.catalina.core.ApplicationFilterChain.doFilter(ApplicationFilterChain.java:210)
	at org.apache.catalina.core.StandardWrapperValve.invoke(StandardWrapperValve.java:222)
	at org.apache.catalina.core.StandardContextValve.invoke(StandardContextValve.java:123)
	at org.apache.catalina.authenticator.AuthenticatorBase.invoke(AuthenticatorBase.java:502)
	at org.apache.catalina.core.StandardHostValve.invoke(StandardHostValve.java:171)
	at org.apache.catalina.valves.ErrorReportValve.invoke(ErrorReportValve.java:100)
	at org.apache.catalina.valves.AccessLogValve.invoke(AccessLogValve.java:953)
	at org.apache.catalina.core.StandardEngineValve.invoke(StandardEngineValve.java:118)
	at org.apache.catalina.connector.CoyoteAdapter.service(CoyoteAdapter.java:408)
	at org.apache.coyote.http11.AbstractHttp11Processor.process(AbstractHttp11Processor.java:1041)
	at org.apache.coyote.AbstractProtocol$AbstractConnectionHandler.process(AbstractProtocol.java:603)
	at org.apache.tomcat.util.net.JIoEndpoint$SocketProcessor.run(JIoEndpoint.java:312)
	at java.util.concurrent.ThreadPoolExecutor.runWorker(ThreadPoolExecutor.java:1149)
	at java.util.concurrent.ThreadPoolExecutor$Worker.run(ThreadPoolExecutor.java:624)
	at java.lang.Thread.run(Thread.java:748)
2019-08-11 16:03:35 INFO  BookingCommand:41 - User is booking with request parameter: date in - 2019-08-08, date out - 2019-08-11 and room type id is Одноместный-1
2019-08-11 16:03:35 INFO  BookingCommand:59 - Reservation with id 58 added in database
2019-08-11 16:03:47 INFO  BookingCommand:41 - User is booking with request parameter: date in - 2019-08-09, date out - 2019-08-10 and room type id is Одноместный-1
2019-08-11 16:03:47 INFO  BookingCommand:59 - Reservation with id 59 added in database
2019-08-11 16:04:02 INFO  BookingCommand:41 - User is booking with request parameter: date in - 2019-08-06, date out - 2019-08-09 and room type id is Одноместный-1
2019-08-11 16:04:02 INFO  BookingCommand:59 - Reservation with id 60 added in database
2019-08-11 16:04:14 INFO  BookingCommand:41 - User is booking with request parameter: date in - 2019-08-10, date out - 2019-08-14 and room type id is Одноместный-1
2019-08-11 16:04:14 INFO  BookingCommand:59 - Reservation with id 61 added in database
2019-08-11 16:04:24 INFO  BookingCommand:41 - User is booking with request parameter: date in - 2019-08-03, date out - 2019-08-15 and room type id is Одноместный-1
2019-08-11 16:04:25 INFO  BookingCommand:59 - Reservation with id 62 added in database
2019-08-11 16:04:28 INFO  BookingCommand:41 - User is booking with request parameter: date in - 2019-08-03, date out - 2019-08-15 and room type id is Одноместный-1
2019-08-11 16:04:28 ERROR BookingCommand:84 - No available room with request parameter: date in - 2019-08-03, date out - 2019-08-15 and room type id is Одноместный-1
exceptions.NoAvailableRoomException: No available room with request parameter: date in - 2019-08-03, date out - 2019-08-15 and room type id is Одноместный-1
	at command.BookingCommand.execute(BookingCommand.java:81)
	at controller.servlets.BookingServlet.doPost(BookingServlet.java:28)
	at javax.servlet.http.HttpServlet.service(HttpServlet.java:647)
	at javax.servlet.http.HttpServlet.service(HttpServlet.java:728)
	at org.apache.catalina.core.ApplicationFilterChain.internalDoFilter(ApplicationFilterChain.java:305)
	at org.apache.catalina.core.ApplicationFilterChain.doFilter(ApplicationFilterChain.java:210)
	at org.apache.tomcat.websocket.server.WsFilter.doFilter(WsFilter.java:51)
	at org.apache.catalina.core.ApplicationFilterChain.internalDoFilter(ApplicationFilterChain.java:243)
	at org.apache.catalina.core.ApplicationFilterChain.doFilter(ApplicationFilterChain.java:210)
	at filters.LocalizationFilter.doFilter(LocalizationFilter.java:31)
	at org.apache.catalina.core.ApplicationFilterChain.internalDoFilter(ApplicationFilterChain.java:243)
	at org.apache.catalina.core.ApplicationFilterChain.doFilter(ApplicationFilterChain.java:210)
	at filters.EncodingResponseFilter.doFilter(EncodingResponseFilter.java:16)
	at org.apache.catalina.core.ApplicationFilterChain.internalDoFilter(ApplicationFilterChain.java:243)
	at org.apache.catalina.core.ApplicationFilterChain.doFilter(ApplicationFilterChain.java:210)
	at filters.EncodingRequestFilter.doFilter(EncodingRequestFilter.java:15)
	at org.apache.catalina.core.ApplicationFilterChain.internalDoFilter(ApplicationFilterChain.java:243)
	at org.apache.catalina.core.ApplicationFilterChain.doFilter(ApplicationFilterChain.java:210)
	at filters.LogFilter.doFilter(LogFilter.java:30)
	at org.apache.catalina.core.ApplicationFilterChain.internalDoFilter(ApplicationFilterChain.java:243)
	at org.apache.catalina.core.ApplicationFilterChain.doFilter(ApplicationFilterChain.java:210)
	at org.apache.catalina.core.StandardWrapperValve.invoke(StandardWrapperValve.java:222)
	at org.apache.catalina.core.StandardContextValve.invoke(StandardContextValve.java:123)
	at org.apache.catalina.authenticator.AuthenticatorBase.invoke(AuthenticatorBase.java:502)
	at org.apache.catalina.core.StandardHostValve.invoke(StandardHostValve.java:171)
	at org.apache.catalina.valves.ErrorReportValve.invoke(ErrorReportValve.java:100)
	at org.apache.catalina.valves.AccessLogValve.invoke(AccessLogValve.java:953)
	at org.apache.catalina.core.StandardEngineValve.invoke(StandardEngineValve.java:118)
	at org.apache.catalina.connector.CoyoteAdapter.service(CoyoteAdapter.java:408)
	at org.apache.coyote.http11.AbstractHttp11Processor.process(AbstractHttp11Processor.java:1041)
	at org.apache.coyote.AbstractProtocol$AbstractConnectionHandler.process(AbstractProtocol.java:603)
	at org.apache.tomcat.util.net.JIoEndpoint$SocketProcessor.run(JIoEndpoint.java:312)
	at java.util.concurrent.ThreadPoolExecutor.runWorker(ThreadPoolExecutor.java:1149)
	at java.util.concurrent.ThreadPoolExecutor$Worker.run(ThreadPoolExecutor.java:624)
	at java.lang.Thread.run(Thread.java:748)
2019-08-11 16:04:40 INFO  BookingCommand:41 - User is booking with request parameter: date in - 2019-08-17, date out - 2019-08-21 and room type id is Одноместный-1
2019-08-11 16:04:40 ERROR BookingCommand:84 - No available room with request parameter: date in - 2019-08-17, date out - 2019-08-21 and room type id is Одноместный-1
exceptions.NoAvailableRoomException: No available room with request parameter: date in - 2019-08-17, date out - 2019-08-21 and room type id is Одноместный-1
	at command.BookingCommand.execute(BookingCommand.java:81)
	at controller.servlets.BookingServlet.doPost(BookingServlet.java:28)
	at javax.servlet.http.HttpServlet.service(HttpServlet.java:647)
	at javax.servlet.http.HttpServlet.service(HttpServlet.java:728)
	at org.apache.catalina.core.ApplicationFilterChain.internalDoFilter(ApplicationFilterChain.java:305)
	at org.apache.catalina.core.ApplicationFilterChain.doFilter(ApplicationFilterChain.java:210)
	at org.apache.tomcat.websocket.server.WsFilter.doFilter(WsFilter.java:51)
	at org.apache.catalina.core.ApplicationFilterChain.internalDoFilter(ApplicationFilterChain.java:243)
	at org.apache.catalina.core.ApplicationFilterChain.doFilter(ApplicationFilterChain.java:210)
	at filters.LocalizationFilter.doFilter(LocalizationFilter.java:31)
	at org.apache.catalina.core.ApplicationFilterChain.internalDoFilter(ApplicationFilterChain.java:243)
	at org.apache.catalina.core.ApplicationFilterChain.doFilter(ApplicationFilterChain.java:210)
	at filters.EncodingResponseFilter.doFilter(EncodingResponseFilter.java:16)
	at org.apache.catalina.core.ApplicationFilterChain.internalDoFilter(ApplicationFilterChain.java:243)
	at org.apache.catalina.core.ApplicationFilterChain.doFilter(ApplicationFilterChain.java:210)
	at filters.EncodingRequestFilter.doFilter(EncodingRequestFilter.java:15)
	at org.apache.catalina.core.ApplicationFilterChain.internalDoFilter(ApplicationFilterChain.java:243)
	at org.apache.catalina.core.ApplicationFilterChain.doFilter(ApplicationFilterChain.java:210)
	at filters.LogFilter.doFilter(LogFilter.java:30)
	at org.apache.catalina.core.ApplicationFilterChain.internalDoFilter(ApplicationFilterChain.java:243)
	at org.apache.catalina.core.ApplicationFilterChain.doFilter(ApplicationFilterChain.java:210)
	at org.apache.catalina.core.StandardWrapperValve.invoke(StandardWrapperValve.java:222)
	at org.apache.catalina.core.StandardContextValve.invoke(StandardContextValve.java:123)
	at org.apache.catalina.authenticator.AuthenticatorBase.invoke(AuthenticatorBase.java:502)
	at org.apache.catalina.core.StandardHostValve.invoke(StandardHostValve.java:171)
	at org.apache.catalina.valves.ErrorReportValve.invoke(ErrorReportValve.java:100)
	at org.apache.catalina.valves.AccessLogValve.invoke(AccessLogValve.java:953)
	at org.apache.catalina.core.StandardEngineValve.invoke(StandardEngineValve.java:118)
	at org.apache.catalina.connector.CoyoteAdapter.service(CoyoteAdapter.java:408)
	at org.apache.coyote.http11.AbstractHttp11Processor.process(AbstractHttp11Processor.java:1041)
	at org.apache.coyote.AbstractProtocol$AbstractConnectionHandler.process(AbstractProtocol.java:603)
	at org.apache.tomcat.util.net.JIoEndpoint$SocketProcessor.run(JIoEndpoint.java:312)
	at java.util.concurrent.ThreadPoolExecutor.runWorker(ThreadPoolExecutor.java:1149)
	at java.util.concurrent.ThreadPoolExecutor$Worker.run(ThreadPoolExecutor.java:624)
	at java.lang.Thread.run(Thread.java:748)
2019-08-11 16:09:38 INFO  BookingCommand:41 - User is booking with request parameter: date in - 2019-08-08, date out - 2019-08-11 and room type id is Одноместный-1
2019-08-11 16:09:39 ERROR BookingCommand:55 - Operand should contain 1 column(s)
java.sql.SQLException: Operand should contain 1 column(s)
	at com.mysql.cj.jdbc.exceptions.SQLError.createSQLException(SQLError.java:129)
	at com.mysql.cj.jdbc.exceptions.SQLError.createSQLException(SQLError.java:97)
	at com.mysql.cj.jdbc.exceptions.SQLExceptionsMapping.translateException(SQLExceptionsMapping.java:122)
	at com.mysql.cj.jdbc.ClientPreparedStatement.executeInternal(ClientPreparedStatement.java:955)
	at com.mysql.cj.jdbc.ClientPreparedStatement.executeQuery(ClientPreparedStatement.java:1005)
	at org.apache.tomcat.dbcp.dbcp.DelegatingPreparedStatement.executeQuery(DelegatingPreparedStatement.java:96)
	at org.apache.tomcat.dbcp.dbcp.DelegatingPreparedStatement.executeQuery(DelegatingPreparedStatement.java:96)
	at dao.jdbc.RoomDaoJDBC.getNecessaryRoom(RoomDaoJDBC.java:101)
	at controller.services.BookingService.booking(BookingService.java:40)
	at facade.BookingFacade.booking(BookingFacade.java:22)
	at command.BookingCommand.execute(BookingCommand.java:53)
	at controller.servlets.BookingServlet.doPost(BookingServlet.java:28)
	at javax.servlet.http.HttpServlet.service(HttpServlet.java:647)
	at javax.servlet.http.HttpServlet.service(HttpServlet.java:728)
	at org.apache.catalina.core.ApplicationFilterChain.internalDoFilter(ApplicationFilterChain.java:305)
	at org.apache.catalina.core.ApplicationFilterChain.doFilter(ApplicationFilterChain.java:210)
	at org.apache.tomcat.websocket.server.WsFilter.doFilter(WsFilter.java:51)
	at org.apache.catalina.core.ApplicationFilterChain.internalDoFilter(ApplicationFilterChain.java:243)
	at org.apache.catalina.core.ApplicationFilterChain.doFilter(ApplicationFilterChain.java:210)
	at filters.LocalizationFilter.doFilter(LocalizationFilter.java:31)
	at org.apache.catalina.core.ApplicationFilterChain.internalDoFilter(ApplicationFilterChain.java:243)
	at org.apache.catalina.core.ApplicationFilterChain.doFilter(ApplicationFilterChain.java:210)
	at filters.EncodingResponseFilter.doFilter(EncodingResponseFilter.java:16)
	at org.apache.catalina.core.ApplicationFilterChain.internalDoFilter(ApplicationFilterChain.java:243)
	at org.apache.catalina.core.ApplicationFilterChain.doFilter(ApplicationFilterChain.java:210)
	at filters.EncodingRequestFilter.doFilter(EncodingRequestFilter.java:15)
	at org.apache.catalina.core.ApplicationFilterChain.internalDoFilter(ApplicationFilterChain.java:243)
	at org.apache.catalina.core.ApplicationFilterChain.doFilter(ApplicationFilterChain.java:210)
	at filters.LogFilter.doFilter(LogFilter.java:30)
	at org.apache.catalina.core.ApplicationFilterChain.internalDoFilter(ApplicationFilterChain.java:243)
	at org.apache.catalina.core.ApplicationFilterChain.doFilter(ApplicationFilterChain.java:210)
	at org.apache.catalina.core.StandardWrapperValve.invoke(StandardWrapperValve.java:222)
	at org.apache.catalina.core.StandardContextValve.invoke(StandardContextValve.java:123)
	at org.apache.catalina.authenticator.AuthenticatorBase.invoke(AuthenticatorBase.java:502)
	at org.apache.catalina.core.StandardHostValve.invoke(StandardHostValve.java:171)
	at org.apache.catalina.valves.ErrorReportValve.invoke(ErrorReportValve.java:100)
	at org.apache.catalina.valves.AccessLogValve.invoke(AccessLogValve.java:953)
	at org.apache.catalina.core.StandardEngineValve.invoke(StandardEngineValve.java:118)
	at org.apache.catalina.connector.CoyoteAdapter.service(CoyoteAdapter.java:408)
	at org.apache.coyote.http11.AbstractHttp11Processor.process(AbstractHttp11Processor.java:1041)
	at org.apache.coyote.AbstractProtocol$AbstractConnectionHandler.process(AbstractProtocol.java:603)
	at org.apache.tomcat.util.net.JIoEndpoint$SocketProcessor.run(JIoEndpoint.java:312)
	at java.util.concurrent.ThreadPoolExecutor.runWorker(ThreadPoolExecutor.java:1149)
	at java.util.concurrent.ThreadPoolExecutor$Worker.run(ThreadPoolExecutor.java:624)
	at java.lang.Thread.run(Thread.java:748)
2019-08-11 16:09:39 ERROR BookingCommand:84 - No available room with request parameter: date in - 2019-08-08, date out - 2019-08-11 and room type id is Одноместный-1
exceptions.NoAvailableRoomException: No available room with request parameter: date in - 2019-08-08, date out - 2019-08-11 and room type id is Одноместный-1
	at command.BookingCommand.execute(BookingCommand.java:81)
	at controller.servlets.BookingServlet.doPost(BookingServlet.java:28)
	at javax.servlet.http.HttpServlet.service(HttpServlet.java:647)
	at javax.servlet.http.HttpServlet.service(HttpServlet.java:728)
	at org.apache.catalina.core.ApplicationFilterChain.internalDoFilter(ApplicationFilterChain.java:305)
	at org.apache.catalina.core.ApplicationFilterChain.doFilter(ApplicationFilterChain.java:210)
	at org.apache.tomcat.websocket.server.WsFilter.doFilter(WsFilter.java:51)
	at org.apache.catalina.core.ApplicationFilterChain.internalDoFilter(ApplicationFilterChain.java:243)
	at org.apache.catalina.core.ApplicationFilterChain.doFilter(ApplicationFilterChain.java:210)
	at filters.LocalizationFilter.doFilter(LocalizationFilter.java:31)
	at org.apache.catalina.core.ApplicationFilterChain.internalDoFilter(ApplicationFilterChain.java:243)
	at org.apache.catalina.core.ApplicationFilterChain.doFilter(ApplicationFilterChain.java:210)
	at filters.EncodingResponseFilter.doFilter(EncodingResponseFilter.java:16)
	at org.apache.catalina.core.ApplicationFilterChain.internalDoFilter(ApplicationFilterChain.java:243)
	at org.apache.catalina.core.ApplicationFilterChain.doFilter(ApplicationFilterChain.java:210)
	at filters.EncodingRequestFilter.doFilter(EncodingRequestFilter.java:15)
	at org.apache.catalina.core.ApplicationFilterChain.internalDoFilter(ApplicationFilterChain.java:243)
	at org.apache.catalina.core.ApplicationFilterChain.doFilter(ApplicationFilterChain.java:210)
	at filters.LogFilter.doFilter(LogFilter.java:30)
	at org.apache.catalina.core.ApplicationFilterChain.internalDoFilter(ApplicationFilterChain.java:243)
	at org.apache.catalina.core.ApplicationFilterChain.doFilter(ApplicationFilterChain.java:210)
	at org.apache.catalina.core.StandardWrapperValve.invoke(StandardWrapperValve.java:222)
	at org.apache.catalina.core.StandardContextValve.invoke(StandardContextValve.java:123)
	at org.apache.catalina.authenticator.AuthenticatorBase.invoke(AuthenticatorBase.java:502)
	at org.apache.catalina.core.StandardHostValve.invoke(StandardHostValve.java:171)
	at org.apache.catalina.valves.ErrorReportValve.invoke(ErrorReportValve.java:100)
	at org.apache.catalina.valves.AccessLogValve.invoke(AccessLogValve.java:953)
	at org.apache.catalina.core.StandardEngineValve.invoke(StandardEngineValve.java:118)
	at org.apache.catalina.connector.CoyoteAdapter.service(CoyoteAdapter.java:408)
	at org.apache.coyote.http11.AbstractHttp11Processor.process(AbstractHttp11Processor.java:1041)
	at org.apache.coyote.AbstractProtocol$AbstractConnectionHandler.process(AbstractProtocol.java:603)
	at org.apache.tomcat.util.net.JIoEndpoint$SocketProcessor.run(JIoEndpoint.java:312)
	at java.util.concurrent.ThreadPoolExecutor.runWorker(ThreadPoolExecutor.java:1149)
	at java.util.concurrent.ThreadPoolExecutor$Worker.run(ThreadPoolExecutor.java:624)
	at java.lang.Thread.run(Thread.java:748)
2019-08-12 22:59:37 INFO  BookingCommand:41 - User is booking with request parameter: date in - 2019-08-10, date out - 2019-08-11 and room type id is Одноместный-1
2019-08-12 22:59:38 INFO  BookingCommand:59 - Reservation with id 63 added in database
2019-08-12 23:00:00 INFO  GuestInfoCommand:76 - Guest with id 17 added in database
2019-08-12 23:00:09 INFO  LoginCommand:52 - User is logged in with role: ADMIN and username: artemadmin
2019-08-12 23:11:02 INFO  LoginCommand:52 - User is logged in with role: ADMIN and username: artemadmin
2019-08-12 23:13:44 INFO  LoginCommand:52 - User is logged in with role: ADMIN and username: artemadmin
2019-08-12 23:14:29 INFO  LoginCommand:52 - User is logged in with role: ADMIN and username: artemadmin
2019-08-12 23:15:08 INFO  LoginCommand:52 - User is logged in with role: ADMIN and username: artemadmin
2019-08-12 23:21:53 INFO  LoginCommand:52 - User is logged in with role: ADMIN and username: artemadmin
2019-08-12 23:22:32 INFO  LoginCommand:52 - User is logged in with role: ADMIN and username: artemadmin
2019-08-12 23:23:13 INFO  LoginCommand:52 - User is logged in with role: ADMIN and username: artemadmin
2019-08-12 23:25:16 INFO  LoginCommand:52 - User is logged in with role: ADMIN and username: artemadmin
2019-08-12 23:27:48 INFO  LoginCommand:52 - User is logged in with role: ADMIN and username: artemadmin
2019-08-12 23:34:04 INFO  LoginCommand:52 - User is logged in with role: ADMIN and username: artemadmin
2019-08-12 23:35:20 INFO  LoginCommand:52 - User is logged in with role: ADMIN and username: artemadmin
2019-08-12 23:36:44 INFO  LoginCommand:52 - User is logged in with role: ADMIN and username: artemadmin
2019-08-12 23:40:39 INFO  LoginCommand:52 - User is logged in with role: ADMIN and username: artemadmin
2019-08-12 23:42:47 INFO  LoginCommand:52 - User is logged in with role: ADMIN and username: artemadmin
2019-08-12 23:47:55 INFO  LoginCommand:52 - User is logged in with role: ADMIN and username: artemadmin
2019-08-12 23:48:54 INFO  LoginCommand:52 - User is logged in with role: ADMIN and username: artemadmin
2019-08-12 23:55:09 INFO  LoginCommand:52 - User is logged in with role: ADMIN and username: artemadmin
2019-08-12 23:56:07 INFO  LoginCommand:52 - User is logged in with role: ADMIN and username: artemadmin
2019-08-14 13:51:35 INFO  LoginCommand:64 - User is logged in with role: GUEST and username: artemguest
2019-08-14 13:51:35 INFO  LogFilter:46 - Username: artemguest
2019-08-14 13:51:36 INFO  LogFilter:46 - Username: artemguest
2019-08-14 13:51:37 INFO  LogFilter:46 - Username: artemguest
2019-08-14 13:51:41 INFO  LogFilter:46 - Username: artemguest
2019-08-14 13:51:41 INFO  BookingCommand:55 - User is booking with request parameter: date in - 2019-08-17, date out - 2019-08-18 and room type id is Одноместный-1
2019-08-14 13:51:41 INFO  BookingCommand:73 - Reservation with id 64 added in database
2019-08-14 13:51:41 INFO  LogFilter:46 - Username: artemguest
2019-08-14 13:51:50 INFO  LogFilter:46 - Username: artemguest
2019-08-14 13:51:50 INFO  PaymentCommand:79 - Payment was successful
2019-08-14 13:51:50 INFO  LogFilter:46 - Username: artemguest
2019-08-14 13:51:51 INFO  LogFilter:46 - Username: artemguest
2019-08-14 13:51:52 INFO  LogFilter:46 - Username: artemguest
2019-08-14 13:51:54 INFO  LogFilter:46 - Username: artemguest
2019-08-14 13:51:54 INFO  LogFilter:46 - Username: artemguest
2019-08-14 13:51:54 INFO  LoggedInCommand:34 - Guest with username: artemguest is logging out
2019-08-14 13:51:55 INFO  LogFilter:46 - Username: artemguest
2019-08-14 13:52:14 INFO  BookingCommand:55 - User is booking with request parameter: date in - 2019-08-17, date out - 2019-08-18 and room type id is Одномісний
2019-08-14 13:52:14 INFO  BookingCommand:73 - Reservation with id 65 added in database
2019-08-14 13:53:39 INFO  GuestInfoCommand:91 - Guest with id 18 added in database
